<?xml version="1.0" encoding="UTF-8"?>
<!-- Generated by org.testng.reporters.JUnitReportReporter -->
<testsuite hostname="Kunal" failures="0" tests="2" name="Module1_Login_Test.SwagLoginTest" time="20.417" errors="0" timestamp="2023-11-27T22:18:02 IST" skipped="0">
  <testcase classname="Module1_Login_Test.SwagLoginTest" name="VerifyTitle" time="11.781">
    <system-out>
      <![CDATA[Verify Title]]>
    </system-out>
  </testcase> <!-- VerifyTitle -->
  <testcase classname="Module1_Login_Test.SwagLoginTest" name="AddToCart" time="8.636">
    <system-out>
      <![CDATA[add to cart]]>
    </system-out>
  </testcase> <!-- AddToCart -->
  <system-out>
    <![CDATA[Verify Title
add to cart]]>
  </system-out>
</testsuite> <!-- Module1_Login_Test.SwagLoginTest -->
