<?xml version="1.0" encoding="UTF-8"?>
<!-- Generated by org.testng.reporters.JUnitReportReporter -->
<testsuite hostname="Kunal" failures="0" tests="1" name="Module1_Login_Test.SwagLoginTest" time="12.746" errors="0" timestamp="2023-11-27T16:00:29 IST" skipped="0">
  <testcase classname="Module1_Login_Test.SwagLoginTest" name="VerifyTitle" time="12.746"/>
</testsuite> <!-- Module1_Login_Test.SwagLoginTest -->
