<?xml version="1.0" encoding="UTF-8"?>
<!-- Generated by org.testng.reporters.JUnitReportReporter -->
<testsuite hostname="Kunal" failures="0" tests="3" name="Module1_Login_Test.SwagLoginTest" time="50.448" errors="0" timestamp="2023-11-27T22:55:39 IST" skipped="0">
  <testcase classname="Module1_Login_Test.SwagLoginTest" name="VerifyTitle" time="11.593">
    <system-out>
      <![CDATA[Verify Title]]>
    </system-out>
  </testcase> <!-- VerifyTitle -->
  <testcase classname="Module1_Login_Test.SwagLoginTest" name="AddToCart" time="18.203">
    <system-out>
      <![CDATA[add to cart]]>
    </system-out>
  </testcase> <!-- AddToCart -->
  <testcase classname="Module1_Login_Test.SwagLoginTest" name="removeCartItem" time="20.652">
    <system-out>
      <![CDATA[remove item from Cart]]>
    </system-out>
  </testcase> <!-- removeCartItem -->
  <system-out>
    <![CDATA[Verify Title
add to cart
remove item from Cart]]>
  </system-out>
</testsuite> <!-- Module1_Login_Test.SwagLoginTest -->
